2026-04-25 12:11:44, MOVE, v:1, k:ed@multiset, mode:PICK
2026-04-25 12:13:43, EXEC, v:1, k:ed@multiset, mode:FULL, rate:0, size:79
2026-04-25 12:14:38, MOVE, v:1, k:ed@multiset, mode:EDIT
2026-04-25 12:13:43, MOVE, v:1, k:ed@multiset, mode:EDIT
2026-04-25 12:15:51, MOVE, v:1, k:ed@multiset, mode:EDIT
2026-04-25 12:25:24, EXEC, v:1, k:ed@multiset, mode:FULL, rate:0, size:112
2026-04-25 12:25:19, MOVE, v:1, k:ed@multiset, mode:EDIT
2026-04-25 12:25:24, MOVE, v:1, k:ed@multiset, mode:EDIT
2026-04-25 12:32:05, EXEC, v:1, k:ed@multiset, mode:FULL, rate:16, size:113
2026-04-25 12:35:46, MOVE, v:1, k:ed@multiset, mode:EDIT
2026-04-25 12:32:05, MOVE, v:1, k:ed@multiset, mode:EDIT
2026-04-25 12:36:34, EXEC, v:1, k:ed@multiset, mode:FULL, rate:16, size:129
2026-04-25 12:39:07, EXEC, v:1, k:ed@multiset, mode:FULL, rate:33, size:144
2026-04-25 12:39:02, MOVE, v:1, k:ed@multiset, mode:EDIT
2026-04-25 12:39:07, MOVE, v:1, k:ed@multiset, mode:EDIT
2026-04-25 12:50:21, MOVE, v:1, k:ed@multiset, mode:EDIT
2026-04-25 12:51:19, EXEC, v:1, k:ed@multiset, mode:FULL, rate:50, size:155
2026-04-25 12:53:48, EXEC, v:1, k:ed@multiset, mode:FULL, rate:66, size:168
2026-04-25 12:55:11, EXEC, v:1, k:ed@multiset, mode:FULL, rate:66, size:168
2026-04-25 12:55:08, MOVE, v:1, k:ed@multiset, mode:EDIT
2026-04-25 12:55:11, MOVE, v:1, k:ed@multiset, mode:EDIT
2026-04-25 12:58:11, EXEC, v:1, k:ed@multiset, mode:FULL, rate:83, size:176
2026-04-25 12:58:07, MOVE, v:1, k:ed@multiset, mode:EDIT
2026-04-25 12:58:11, MOVE, v:1, k:ed@multiset, mode:EDIT
2026-04-25 13:03:19, EXEC, v:1, k:ed@multiset, mode:FULL, rate:100, size:185
2026-04-25 13:03:14, MOVE, v:1, k:ed@multiset, mode:EDIT
2026-04-25 13:03:19, MOVE, v:1, k:ed@multiset, mode:EDIT
2026-04-25 13:07:33, SELF, v:1, k:ed@multiset, self:1, rate:100, study:80, concept:1, problem:1, debug:1
2026-04-25 13:07:36, MOVE, v:1, k:ed@multiset, mode:BACK
2026-04-25 13:11:16, SELF, v:1, k:ed@multiset, self:1, rate:66, study:80, concept:1, refactor:1
2026-04-25 13:12:49, MOVE, v:1, k:ed@multiset, mode:PICK
2026-04-25 13:13:00, EXEC, v:1, k:ed@multiset, mode:FULL, rate:100, size:186
2026-04-25 13:13:04, MOVE, v:1, k:ed@multiset, mode:BACK
2026-04-25 13:14:04, SELF, v:1, k:ed@multiset, self:1, rate:100, study:80, concept:1, debug:1, refactor:1
