2026-04-02 16:11:10, MOVE, v:1, k:ed@mdc, mode:PICK
2026-04-02 16:11:14, EXEC, v:1, k:ed@mdc, mode:FULL, rate:100, size:18
2026-04-02 16:11:48, MOVE, v:1, k:ed@mdc, mode:BACK
2026-04-02 16:12:31, SELF, v:1, k:ed@mdc, self:1, rate:100, study:8
2026-04-02 16:12:31, MOVE, v:1, k:ed@mdc, mode:PICK
2026-04-02 16:12:38, MOVE, v:1, k:ed@mdc, mode:BACK
2026-04-02 16:12:50, SELF, v:1, k:ed@mdc, self:1, rate:100, study:8
2026-04-02 16:13:26, SELF, v:1, k:ed@mdc, self:1, rate:100, study:8
2026-04-02 16:15:09, SELF, v:1, k:ed@mdc, self:1, rate:100, study:3
2026-04-02 16:21:49, MOVE, v:1, k:ed@eh_primo, mode:DOWN
2026-04-02 16:22:20, MOVE, v:1, k:ed@eh_primo, mode:PICK
2026-04-02 16:40:56, EXEC, v:1, k:ed@eh_primo, mode:FULL, rate:0, size:26
2026-04-02 16:41:40, EXEC, v:1, k:ed@eh_primo, mode:FULL, rate:0, size:26
2026-04-02 16:42:33, EXEC, v:1, k:ed@eh_primo, mode:FULL, rate:11, size:29
2026-04-02 16:42:50, EXEC, v:1, k:ed@eh_primo, mode:FULL, rate:0, size:29
2026-04-02 16:43:05, EXEC, v:1, k:ed@eh_primo, mode:FULL, rate:44, size:29
2026-04-02 16:44:23, EXEC, v:1, k:ed@eh_primo, mode:FULL, rate:55, size:29
2026-04-02 16:47:23, EXEC, v:1, k:ed@eh_primo, mode:FULL, rate:100, size:30
2026-04-02 16:47:55, MOVE, v:1, k:ed@eh_primo, mode:BACK
2026-04-02 16:49:25, SELF, v:1, k:ed@eh_primo, self:1, rate:100, study:10, concept:1
2026-04-02 16:52:24, MOVE, v:1, k:ed@triangulo, mode:DOWN
2026-04-02 16:52:53, MOVE, v:1, k:ed@triangulo, mode:PICK
2026-04-02 17:12:53, EXEC, v:1, k:ed@triangulo, mode:FULL, rate:0, size:57
2026-04-02 17:13:10, EXEC, v:1, k:ed@triangulo, mode:FULL, rate:0, size:57
2026-04-02 17:14:12, EXEC, v:1, k:ed@triangulo, mode:FULL, rate:0, size:57
2026-04-02 17:17:59, EXEC, v:1, k:ed@triangulo, mode:FULL, rate:100, size:57
2026-04-02 17:18:58, MOVE, v:1, k:ed@triangulo, mode:BACK
2026-04-02 17:19:54, SELF, v:1, k:ed@triangulo, self:1, rate:100, study:20, concept:1, problem:1, refactor:1
2026-04-02 17:21:04, SELF, v:1, k:ed@triangulo, self:1, rate:100, study:27, concept:1, problem:1, refactor:1
