2026-04-20 10:56:10, MOVE, v:1, k:ed@vetbuild, mode:PICK
2026-04-20 10:59:53, MOVE, v:1, k:ed@vetbuild, mode:EDIT
2026-04-20 11:04:31, EXEC, v:1, k:ed@vetbuild, mode:FULL, rate:45, size:226
2026-04-20 11:04:16, MOVE, v:1, k:ed@vetbuild, mode:EDIT
2026-04-20 11:04:31, MOVE, v:1, k:ed@vetbuild, mode:EDIT
2026-04-20 11:10:06, MOVE, v:1, k:ed@vetbuild, mode:EDIT
2026-04-20 11:12:00, EXEC, v:1, k:ed@vetbuild, mode:FULL, rate:45, size:233
2026-04-20 11:11:56, MOVE, v:1, k:ed@vetbuild, mode:EDIT
2026-04-20 11:12:00, MOVE, v:1, k:ed@vetbuild, mode:EDIT
2026-04-20 11:19:34, EXEC, v:1, k:ed@vetbuild, mode:FULL, rate:9, size:241
2026-04-20 11:20:37, EXEC, v:1, k:ed@vetbuild, mode:FULL, rate:45, size:242
2026-04-20 11:20:33, MOVE, v:1, k:ed@vetbuild, mode:EDIT
2026-04-20 11:20:37, MOVE, v:1, k:ed@vetbuild, mode:EDIT
2026-04-20 11:24:05, MOVE, v:1, k:ed@vetbuild, mode:EDIT
2026-04-20 11:27:32, EXEC, v:1, k:ed@vetbuild, mode:FULL, rate:54, size:254
2026-04-20 11:29:58, MOVE, v:1, k:ed@vetbuild, mode:EDIT
2026-04-20 11:27:32, MOVE, v:1, k:ed@vetbuild, mode:EDIT
2026-04-20 11:32:27, MOVE, v:1, k:ed@vetbuild, mode:EDIT
2026-04-20 11:58:00, MOVE, v:1, k:ed@vetbuild, mode:EDIT
2026-04-20 12:03:25, EXEC, v:1, k:ed@vetbuild, mode:FULL, rate:54, size:276
2026-04-20 12:03:18, MOVE, v:1, k:ed@vetbuild, mode:EDIT
2026-04-20 12:03:25, MOVE, v:1, k:ed@vetbuild, mode:EDIT
2026-04-20 12:17:30, EXEC, v:1, k:ed@vetbuild, mode:FULL, rate:0, size:276
2026-04-20 12:17:43, EXEC, v:1, k:ed@vetbuild, mode:FULL, rate:54, size:276
2026-04-20 12:17:58, EXEC, v:1, k:ed@vetbuild, mode:FREE
2026-04-20 12:20:02, MOVE, v:1, k:ed@vetbuild, mode:PICK
2026-04-20 12:20:03, EXEC, v:1, k:ed@vetbuild, mode:FULL, rate:54
2026-04-20 12:20:03, MOVE, v:1, k:ed@vetbuild, mode:EDIT
2026-04-20 12:27:15, EXEC, v:1, k:ed@vetbuild, mode:FULL, rate:63, size:285
2026-04-20 12:29:45, MOVE, v:1, k:ed@vetbuild, mode:EDIT
2026-04-20 12:27:14, MOVE, v:1, k:ed@vetbuild, mode:EDIT
2026-04-20 12:29:55, EXEC, v:1, k:ed@vetbuild, mode:FULL, rate:81, size:285
2026-04-20 12:30:19, EXEC, v:1, k:ed@vetbuild, mode:FULL, rate:90, size:285
2026-04-20 12:34:13, EXEC, v:1, k:ed@vetbuild, mode:FULL, rate:100, size:286
