2026-04-16 18:23:13, MOVE, v:1, k:ed@vetbuild, mode:DOWN
2026-04-16 18:23:12, MOVE, v:1, k:ed@vetbuild, mode:EDIT
2026-04-16 18:23:13, MOVE, v:1, k:ed@vetbuild, mode:EDIT
2026-04-16 18:23:13, MOVE, v:1, k:ed@vetbuild, mode:EDIT
2026-04-16 18:23:13, MOVE, v:1, k:ed@vetbuild, mode:EDIT
2026-04-16 18:28:29, MOVE, v:1, k:ed@vetbuild, mode:EDIT
2026-04-16 18:46:37, MOVE, v:1, k:ed@vetbuild, mode:PICK
2026-04-16 18:46:39, EXEC, v:1, k:ed@vetbuild, mode:FULL, size:130, fail:COMP
2026-04-16 18:49:07, EXEC, v:1, k:ed@vetbuild, mode:FULL, rate:0, size:132
2026-04-16 18:51:39, MOVE, v:1, k:ed@vetbuild, mode:EDIT
2026-04-16 18:49:07, MOVE, v:1, k:ed@vetbuild, mode:EDIT
2026-04-16 18:59:05, MOVE, v:1, k:ed@vetbuild, mode:EDIT
2026-04-16 19:05:31, EXEC, v:1, k:ed@vetbuild, mode:FULL, rate:0, size:132
2026-04-16 19:06:34, MOVE, v:1, k:ed@vetbuild, mode:EDIT
2026-04-16 19:05:31, MOVE, v:1, k:ed@vetbuild, mode:EDIT
2026-04-16 19:07:11, MOVE, v:1, k:ed@vetbuild, mode:EDIT
2026-04-16 19:26:39, MOVE, v:1, k:ed@vetbuild, mode:EDIT
2026-04-16 19:27:00, EXEC, v:1, k:ed@vetbuild, mode:FULL, rate:0, size:135
2026-04-16 19:29:51, EXEC, v:1, k:ed@vetbuild, mode:FULL, rate:18, size:139
2026-04-16 19:29:51, MOVE, v:1, k:ed@vetbuild, mode:EDIT
2026-04-16 19:29:45, MOVE, v:1, k:ed@vetbuild, mode:EDIT
2026-04-16 19:41:16, MOVE, v:1, k:ed@vetbuild, mode:EDIT
2026-04-16 19:51:43, MOVE, v:1, k:ed@vetbuild, mode:EDIT
2026-04-16 19:52:13, EXEC, v:1, k:ed@vetbuild, mode:FULL, rate:9, size:149
2026-04-16 19:54:21, EXEC, v:1, k:ed@vetbuild, mode:FULL, rate:9, size:152
2026-04-16 19:54:15, MOVE, v:1, k:ed@vetbuild, mode:EDIT
2026-04-16 19:54:20, MOVE, v:1, k:ed@vetbuild, mode:EDIT
2026-04-16 19:58:49, MOVE, v:1, k:ed@vetbuild, mode:EDIT
2026-04-16 20:03:59, EXEC, v:1, k:ed@vetbuild, mode:FULL, rate:9, size:161
