2026-03-13 17:11:16, MOVE, v:1, k:ed@pintando, mode:DOWN
2026-03-13 17:11:33, MOVE, v:1, k:ed@pintando, mode:PICK
2026-03-13 17:14:09, MOVE, v:1, k:ed@pintando, mode:BACK
2026-03-13 17:14:18, MOVE, v:1, k:ed@pintando, mode:PICK
2026-03-13 17:30:08, EXEC, v:1, k:ed@pintando, mode:FULL, rate:0, size:15
2026-03-13 17:32:22, EXEC, v:1, k:ed@pintando, mode:FULL, rate:100, size:15
2026-03-13 17:34:54, MOVE, v:1, k:ed@pintando, mode:BACK
2026-03-13 17:35:07, MOVE, v:1, k:ed@mumia, mode:DOWN
2026-03-13 18:02:04, MOVE, v:1, k:ed@mumia, mode:PICK
2026-03-13 18:02:09, EXEC, v:1, k:ed@mumia, mode:FULL, rate:0, size:22
2026-03-13 18:04:06, EXEC, v:1, k:ed@mumia, mode:FULL, rate:100, size:22
2026-03-13 18:05:11, MOVE, v:1, k:ed@mumia, mode:BACK
2026-03-13 18:05:19, MOVE, v:1, k:ed@fuga, mode:DOWN
2026-03-13 18:05:31, MOVE, v:1, k:ed@fuga, mode:PICK
2026-03-13 18:29:37, EXEC, v:1, k:ed@fuga, mode:FULL, rate:100, size:22
2026-03-13 18:33:04, MOVE, v:1, k:ed@fuga, mode:BACK
2026-03-13 18:33:53, MOVE, v:1, k:ed@pedra, mode:DOWN
2026-03-13 18:33:59, MOVE, v:1, k:ed@pedra, mode:PICK
2026-03-13 19:05:46, EXEC, v:1, k:ed@pedra, mode:FULL, rate:0, size:34
2026-03-13 19:06:15, EXEC, v:1, k:ed@pedra, mode:FULL, rate:75, size:34
2026-03-13 19:06:34, EXEC, v:1, k:ed@pedra, mode:FULL, rate:100, size:34
2026-03-13 19:10:24, MOVE, v:1, k:ed@pedra, mode:BACK
2026-03-13 19:10:32, MOVE, v:1, k:ed@casais, mode:DOWN
2026-03-13 19:10:35, MOVE, v:1, k:ed@casais, mode:PICK
2026-03-13 19:32:19, EXEC, v:1, k:ed@casais, mode:FREE, size:23
2026-03-13 19:33:41, MOVE, v:1, k:ed@casais, mode:PICK
2026-03-13 19:33:43, EXEC, v:1, k:ed@casais, mode:FULL, rate:100
