2026-03-24 13:33:17, MOVE, v:1, k:ed@princesa, mode:DOWN
2026-03-24 13:37:28, MOVE, v:1, k:ed@princesa, mode:PICK
2026-03-24 13:42:41, EXEC, v:1, k:ed@princesa, mode:FULL, size:5, fail:COMP
2026-03-24 13:42:44, EXEC, v:1, k:ed@princesa, mode:FULL, fail:COMP
2026-03-24 13:42:47, MOVE, v:1, k:ed@princesa, mode:BACK
2026-03-24 13:42:49, MOVE, v:1, k:ed@princesa, mode:PICK
2026-03-24 14:16:03, EXEC, v:1, k:ed@princesa, mode:FULL, rate:0, size:22
2026-03-24 14:18:56, EXEC, v:1, k:ed@princesa, mode:FULL, rate:0, size:26
2026-03-24 17:43:32, MOVE, v:1, k:ed@princesa, mode:PICK
2026-03-24 17:43:38, EXEC, v:1, k:ed@princesa, mode:FULL, rate:0, size:42
2026-03-24 17:50:35, EXEC, v:1, k:ed@princesa, mode:FULL, rate:0, size:54
2026-03-24 17:51:20, EXEC, v:1, k:ed@princesa, mode:FULL, rate:0, size:54
2026-03-24 17:52:26, EXEC, v:1, k:ed@princesa, mode:FULL, rate:0, size:55
2026-03-24 17:53:57, EXEC, v:1, k:ed@princesa, mode:FULL, rate:0, size:55
2026-03-24 17:54:25, EXEC, v:1, k:ed@princesa, mode:FULL, rate:0, size:55
2026-03-24 17:55:26, EXEC, v:1, k:ed@princesa, mode:FULL, rate:0, size:55
2026-03-24 17:56:38, EXEC, v:1, k:ed@princesa, mode:FULL, rate:0, size:55
2026-03-24 17:57:53, EXEC, v:1, k:ed@princesa, mode:FULL, rate:0, size:55
2026-03-24 17:58:41, EXEC, v:1, k:ed@princesa, mode:FULL, rate:0, size:55
2026-03-24 17:59:56, EXEC, v:1, k:ed@princesa, mode:FULL, rate:100, size:59
2026-03-24 18:07:59, MOVE, v:1, k:ed@princesa, mode:BACK
2026-03-24 18:10:01, SELF, v:1, k:ed@princesa, self:1, rate:100, study:70, concept:1, problem:1
2026-03-24 18:14:06, MOVE, v:1, k:ed@apagando, mode:DOWN
2026-03-24 18:14:08, MOVE, v:1, k:ed@apagando, mode:PICK
2026-03-24 18:41:36, EXEC, v:1, k:ed@apagando, mode:FULL, rate:0, size:20
2026-03-24 18:49:40, EXEC, v:1, k:ed@apagando, mode:FULL, size:32, fail:COMP
2026-03-24 18:53:27, EXEC, v:1, k:ed@apagando, mode:FULL, rate:0, size:32
2026-03-24 18:54:34, EXEC, v:1, k:ed@apagando, mode:FULL, rate:0, size:32
2026-03-24 18:56:04, EXEC, v:1, k:ed@apagando, mode:FULL, rate:0, size:41
2026-03-24 18:57:36, EXEC, v:1, k:ed@apagando, mode:FULL, rate:0, size:32
2026-03-24 18:59:36, EXEC, v:1, k:ed@apagando, mode:FULL, rate:100, size:35
2026-03-24 18:59:56, MOVE, v:1, k:ed@apagando, mode:BACK
2026-03-24 19:00:32, SELF, v:1, k:ed@apagando, self:1, rate:100, study:45, concept:1
2026-03-24 19:01:10, MOVE, v:1, k:ed@pintando, mode:PICK
2026-03-24 19:01:15, MOVE, v:1, k:ed@pintando, mode:BACK
2026-03-24 19:02:10, SELF, v:1, k:ed@pintando, self:1, rate:100, study:23, concept:1, refactor:1
2026-03-24 19:10:01, MOVE, v:1, k:ed@manipulacao, mode:DOWN
2026-03-24 19:10:01, MOVE, v:1, k:ed@manipulacao, mode:PICK
2026-03-24 19:29:45, EXEC, v:1, k:ed@manipulacao, mode:FULL, rate:0, size:106
2026-03-24 19:35:12, EXEC, v:1, k:ed@manipulacao, mode:FULL, rate:14, size:116
2026-03-24 19:38:04, EXEC, v:1, k:ed@manipulacao, mode:FULL, rate:85, size:164
2026-03-24 19:39:44, EXEC, v:1, k:ed@manipulacao, mode:FULL, rate:85, size:166
2026-03-24 19:42:15, EXEC, v:1, k:ed@manipulacao, mode:FULL, rate:85, size:166
2026-03-24 19:46:52, EXEC, v:1, k:ed@manipulacao, mode:FULL, rate:85, size:174
2026-03-24 19:48:53, EXEC, v:1, k:ed@manipulacao, mode:FULL, rate:85, size:166
2026-03-24 19:53:30, EXEC, v:1, k:ed@manipulacao, mode:FULL, rate:100, size:175
2026-03-24 19:53:50, MOVE, v:1, k:ed@manipulacao, mode:BACK
2026-03-24 19:54:36, SELF, v:1, k:ed@manipulacao, self:1, rate:100, study:50, concept:1, refactor:1
