2026-04-24 16:46:54, MOVE, v:1, k:ed@multiset, mode:DOWN
2026-04-24 16:46:54, MOVE, v:1, k:ed@multiset, mode:EDIT
2026-04-24 16:46:54, MOVE, v:1, k:ed@multiset, mode:EDIT
2026-04-24 16:46:54, MOVE, v:1, k:ed@multiset, mode:EDIT
2026-04-24 16:46:54, MOVE, v:1, k:ed@multiset, mode:EDIT
2026-04-24 16:52:04, MOVE, v:1, k:ed@multiset, mode:EDIT
2026-04-24 17:02:58, MOVE, v:1, k:ed@setbuild, mode:DOWN
2026-04-24 16:58:15, MOVE, v:1, k:ed@multiset, mode:EDIT
2026-04-24 17:02:58, MOVE, v:1, k:ed@setbuild, mode:EDIT
2026-04-24 17:02:58, MOVE, v:1, k:ed@setbuild, mode:EDIT
2026-04-24 17:02:58, MOVE, v:1, k:ed@setbuild, mode:EDIT
2026-04-24 17:02:58, MOVE, v:1, k:ed@setbuild, mode:EDIT
2026-04-24 17:15:36, MOVE, v:1, k:ed@setbuild, mode:PICK
2026-04-24 17:15:40, EXEC, v:1, k:ed@setbuild, mode:FULL, rate:0, size:60
2026-04-24 17:16:32, MOVE, v:1, k:ed@setbuild, mode:EDIT
2026-04-24 17:15:40, MOVE, v:1, k:ed@setbuild, mode:EDIT
2026-04-24 17:20:58, MOVE, v:1, k:ed@setbuild, mode:EDIT
2026-04-24 17:27:30, EXEC, v:1, k:ed@setbuild, mode:FULL, rate:0, size:75
2026-04-24 17:27:20, MOVE, v:1, k:ed@setbuild, mode:EDIT
2026-04-24 17:27:30, MOVE, v:1, k:ed@setbuild, mode:EDIT
2026-04-24 17:29:15, EXEC, v:1, k:ed@setbuild, mode:FULL, rate:0, size:76
2026-04-24 17:31:10, MOVE, v:1, k:ed@setbuild, mode:EDIT
2026-04-24 17:29:15, MOVE, v:1, k:ed@setbuild, mode:EDIT
2026-04-24 17:34:27, EXEC, v:1, k:ed@setbuild, mode:FULL, rate:0, size:79
2026-04-24 17:35:24, MOVE, v:1, k:ed@setbuild, mode:EDIT
2026-04-24 17:34:27, MOVE, v:1, k:ed@setbuild, mode:EDIT
2026-04-24 17:39:09, MOVE, v:1, k:ed@setbuild, mode:EDIT
2026-04-24 17:43:32, EXEC, v:1, k:ed@setbuild, mode:FULL, rate:0, size:100
2026-04-24 17:45:11, MOVE, v:1, k:ed@setbuild, mode:EDIT
2026-04-24 17:43:32, MOVE, v:1, k:ed@setbuild, mode:EDIT
2026-04-24 17:53:07, MOVE, v:1, k:ed@setbuild, mode:EDIT
2026-04-24 17:58:10, MOVE, v:1, k:ed@setbuild, mode:EDIT
2026-04-24 18:00:56, EXEC, v:1, k:ed@setbuild, mode:FULL, rate:33, size:130
